<?xml version="1.0" encoding="UTF-8"?>
<!-- Generated by org.testng.reporters.JUnitXMLReporter -->
<testsuite ignored="0" hostname="Rathesh-Gt" failures="0" tests="3" name="Default test" time="141.248" errors="0" timestamp="2026-03-13T11:15:57 IST">
  <testcase classname="test.E2ETest" name="flightBookingTest" time="40.804"/>
  <testcase classname="test.E2ETest" name="flightBookingTest" time="43.179"/>
  <testcase classname="test.E2ETest" name="flightBookingTest" time="41.502"/>
</testsuite> <!-- Default test -->
