<?xml version="1.0" encoding="UTF-8"?>
<!-- Generated by org.testng.reporters.JUnitXMLReporter -->
<testsuite ignored="0" hostname="Rathesh-Gt" failures="0" tests="5" name="FlightBookingTests" time="170.471" errors="0" timestamp="2026-03-12T10:39:33 IST">
  <testcase classname="Test.WelcomePageTest1" name="WelcomePageTest1" time="16.013"/>
  <testcase classname="Test.ChooseFlightPageTest2" name="chooseflighttest" time="19.393"/>
  <testcase classname="Test.PurchaseDetailsPageTest3" name="purchasedetailstest" time="44.219"/>
  <testcase classname="Test.ConfirmationPageTest4" name="purchasedetailstest" time="45.714"/>
  <testcase classname="Test.E2ETest5" name="flightBookingTest" time="41.145"/>
</testsuite> <!-- FlightBookingTests -->
