<?xml version="1.0" encoding="UTF-8"?>
<!-- Generated by org.testng.reporters.JUnitXMLReporter -->
<testsuite ignored="0" hostname="Rathesh-Gt" failures="0" tests="5" name="FlightBookingTests" time="159.34" errors="0" timestamp="2026-03-09T12:48:38 IST">
  <testcase classname="Test.WelcomePageTest1" name="WelcomePageTest1" time="15.005"/>
  <testcase classname="Test.ChooseFlightPageTest2" name="chooseflighttest" time="13.63"/>
  <testcase classname="Test.PurchaseDetailsPageTest3" name="purchasedetailstest" time="43.331"/>
  <testcase classname="Test.ConfirmationPageTest4" name="purchasedetailstest" time="43.889"/>
  <testcase classname="Test.E2ETest5" name="purchasedetailstest" time="43.438"/>
</testsuite> <!-- FlightBookingTests -->
