<?xml version="1.0" encoding="UTF-8"?>
<testng-results ignored="0" total="3" passed="3" failed="0" skipped="0">
  <reporter-output>
  </reporter-output>
  <suite started-at="2026-03-13T11:13:36 IST" name="Default suite" finished-at="2026-03-13T11:15:57 IST" duration-ms="141248">
    <groups>
    </groups>
    <test started-at="2026-03-13T11:13:36 IST" name="Default test" finished-at="2026-03-13T11:15:57 IST" duration-ms="141248">
      <class name="test.E2ETest">
        <test-method is-config="true" signature="setup()[pri:0, instance:test.E2ETest@33d512c1]" started-at="2026-03-13T11:13:37 IST" name="setup" finished-at="2026-03-13T11:13:40 IST" duration-ms="3162" status="PASS">
          <reporter-output>
          </reporter-output>
        </test-method> <!-- setup -->
        <test-method signature="flightBookingTest(java.lang.String,java.lang.String,java.lang.String,java.lang.String,java.lang.String)[pri:0, instance:test.E2ETest@33d512c1]" started-at="2026-03-13T11:13:40 IST" name="flightBookingTest" data-provider="passengerData" finished-at="2026-03-13T11:14:21 IST" duration-ms="40804" status="PASS">
          <params>
            <param index="0">
              <value>
                <![CDATA[Rathesh Prabu]]>
              </value>
            </param>
            <param index="1">
              <value>
                <![CDATA[Valluvar Street]]>
              </value>
            </param>
            <param index="2">
              <value>
                <![CDATA[Chennai]]>
              </value>
            </param>
            <param index="3">
              <value>
                <![CDATA[Tamil Nadu]]>
              </value>
            </param>
            <param index="4">
              <value>
                <![CDATA[600106.0]]>
              </value>
            </param>
          </params>
          <reporter-output>
          </reporter-output>
        </test-method> <!-- flightBookingTest -->
        <test-method is-config="true" signature="tearDown()[pri:0, instance:test.E2ETest@33d512c1]" started-at="2026-03-13T11:14:21 IST" name="tearDown" finished-at="2026-03-13T11:14:21 IST" duration-ms="288" status="PASS">
          <reporter-output>
          </reporter-output>
        </test-method> <!-- tearDown -->
        <test-method is-config="true" signature="setup()[pri:0, instance:test.E2ETest@33d512c1]" started-at="2026-03-13T11:14:21 IST" name="setup" finished-at="2026-03-13T11:14:26 IST" duration-ms="5047" status="PASS">
          <reporter-output>
          </reporter-output>
        </test-method> <!-- setup -->
        <test-method signature="flightBookingTest(java.lang.String,java.lang.String,java.lang.String,java.lang.String,java.lang.String)[pri:0, instance:test.E2ETest@33d512c1]" started-at="2026-03-13T11:14:26 IST" name="flightBookingTest" data-provider="passengerData" finished-at="2026-03-13T11:15:09 IST" duration-ms="43179" status="PASS">
          <params>
            <param index="0">
              <value>
                <![CDATA[Prasanna]]>
              </value>
            </param>
            <param index="1">
              <value>
                <![CDATA[jaganadhan street]]>
              </value>
            </param>
            <param index="2">
              <value>
                <![CDATA[salem]]>
              </value>
            </param>
            <param index="3">
              <value>
                <![CDATA[Tamil Nadu]]>
              </value>
            </param>
            <param index="4">
              <value>
                <![CDATA[635708.0]]>
              </value>
            </param>
          </params>
          <reporter-output>
          </reporter-output>
        </test-method> <!-- flightBookingTest -->
        <test-method is-config="true" signature="tearDown()[pri:0, instance:test.E2ETest@33d512c1]" started-at="2026-03-13T11:15:09 IST" name="tearDown" finished-at="2026-03-13T11:15:09 IST" duration-ms="276" status="PASS">
          <reporter-output>
          </reporter-output>
        </test-method> <!-- tearDown -->
        <test-method is-config="true" signature="setup()[pri:0, instance:test.E2ETest@33d512c1]" started-at="2026-03-13T11:15:09 IST" name="setup" finished-at="2026-03-13T11:15:16 IST" duration-ms="6203" status="PASS">
          <reporter-output>
          </reporter-output>
        </test-method> <!-- setup -->
        <test-method signature="flightBookingTest(java.lang.String,java.lang.String,java.lang.String,java.lang.String,java.lang.String)[pri:0, instance:test.E2ETest@33d512c1]" started-at="2026-03-13T11:15:16 IST" name="flightBookingTest" data-provider="passengerData" finished-at="2026-03-13T11:15:57 IST" duration-ms="41502" status="PASS">
          <params>
            <param index="0">
              <value>
                <![CDATA[Prasath]]>
              </value>
            </param>
            <param index="1">
              <value>
                <![CDATA[jai nagar]]>
              </value>
            </param>
            <param index="2">
              <value>
                <![CDATA[coimbathore]]>
              </value>
            </param>
            <param index="3">
              <value>
                <![CDATA[Tamil Nadu]]>
              </value>
            </param>
            <param index="4">
              <value>
                <![CDATA[600116.0]]>
              </value>
            </param>
          </params>
          <reporter-output>
          </reporter-output>
        </test-method> <!-- flightBookingTest -->
        <test-method is-config="true" signature="tearDown()[pri:0, instance:test.E2ETest@33d512c1]" started-at="2026-03-13T11:15:57 IST" name="tearDown" finished-at="2026-03-13T11:15:57 IST" duration-ms="249" status="PASS">
          <reporter-output>
          </reporter-output>
        </test-method> <!-- tearDown -->
      </class> <!-- test.E2ETest -->
    </test> <!-- Default test -->
  </suite> <!-- Default suite -->
</testng-results>
