<?xml version="1.0" encoding="UTF-8"?>
<!-- Generated by org.testng.reporters.JUnitReportReporter -->
<testsuite hostname="Rathesh-Gt" failures="0" tests="3" name="test.E2ETest" time="140.710" errors="0" timestamp="2026-03-13T11:15:58 IST" skipped="0">
  <testcase classname="test.E2ETest" name="flightBookingTest" time="47.256"/>
  <testcase classname="test.E2ETest" name="flightBookingTest" time="48.514"/>
  <testcase classname="test.E2ETest" name="flightBookingTest" time="44.940"/>
</testsuite> <!-- test.E2ETest -->
